<?xml version="1.0" encoding="UTF-8"?>
<!-- Generated by org.testng.reporters.JUnitReportReporter -->
<testsuite hostname="L-INE-CBPCQG3" failures="0" tests="2" name="test.GetAndPostMethod" time="3.056" errors="0" timestamp="2025-05-05T17:56:38 IST" skipped="0">
  <testcase classname="test.GetAndPostMethod" name="posttest" time="3.055"/>
  <testcase classname="test.GetAndPostMethod" name="secondtest" time="0.001"/>
</testsuite> <!-- test.GetAndPostMethod -->
