<?xml version="1.0" encoding="UTF-8"?>
<!-- Generated by org.testng.reporters.JUnitReportReporter -->
<testsuite hostname="L-INE-CBPCQG3" failures="0" tests="3" name="test.TestExample" time="4.029" errors="0" timestamp="2025-05-02T12:30:55 IST" skipped="0">
  <testcase classname="test.TestExample" name="test1" time="1.062"/>
  <testcase classname="test.TestExample" name="apiTest" time="2.160"/>
  <testcase classname="test.TestExample" name="test2" time="0.807"/>
</testsuite> <!-- test.TestExample -->
