<?xml version="1.0" encoding="UTF-8"?>
<!-- Generated by org.testng.reporters.JUnitReportReporter -->
<testsuite hostname="L-INE-CBPCQG3" failures="0" tests="2" name="test.PutPatchDeleteMethod" time="3.779" errors="0" timestamp="2025-05-14T14:54:04 IST" skipped="0">
  <testcase classname="test.PutPatchDeleteMethod" name="postmethod" time="0.374"/>
  <testcase classname="test.PutPatchDeleteMethod" name="postMethodCreateObject" time="3.405"/>
</testsuite> <!-- test.PutPatchDeleteMethod -->
