<?xml version="1.0" encoding="UTF-8"?>
<!-- Generated by org.testng.reporters.JUnitReportReporter -->
<testsuite hostname="L-INE-CBPCQG3" failures="0" tests="2" name="test.GetAndPostMethod" time="3.248" errors="0" timestamp="2025-05-02T19:15:43 IST" skipped="0">
  <testcase classname="test.GetAndPostMethod" name="posttest" time="3.246"/>
  <testcase classname="test.GetAndPostMethod" name="secondtest" time="0.002"/>
</testsuite> <!-- test.GetAndPostMethod -->
