<?xml version="1.0" encoding="UTF-8"?>
<!-- Generated by org.testng.reporters.JUnitReportReporter -->
<testsuite hostname="L-INE-CBPCQG3" failures="0" tests="4" name="test.PutPatchDeleteMethod" time="5.390" errors="0" timestamp="2025-05-14T17:56:25 IST" skipped="0">
  <testcase classname="test.PutPatchDeleteMethod" name="patchmethod" time="0.510"/>
  <testcase classname="test.PutPatchDeleteMethod" name="postmethod" time="0.371"/>
  <testcase classname="test.PutPatchDeleteMethod" name="deletemethod" time="2.889"/>
  <testcase classname="test.PutPatchDeleteMethod" name="postMethodCreateObject" time="1.620"/>
</testsuite> <!-- test.PutPatchDeleteMethod -->
